{"/Users/jvilleg/Documents/Personal/Repos/testing-vite-and-vitest/counter.js": {"path":"/Users/jvilleg/Documents/Personal/Repos/testing-vite-and-vitest/counter.js","all":false,"statementMap":{"0":{"start":{"line":1,"column":0},"end":{"line":1,"column":39}},"1":{"start":{"line":2,"column":0},"end":{"line":2,"column":17}},"2":{"start":{"line":3,"column":0},"end":{"line":3,"column":33}},"3":{"start":{"line":4,"column":0},"end":{"line":4,"column":19}},"4":{"start":{"line":5,"column":0},"end":{"line":5,"column":45}},"5":{"start":{"line":6,"column":0},"end":{"line":6,"column":3}},"6":{"start":{"line":7,"column":0},"end":{"line":7,"column":66}},"7":{"start":{"line":8,"column":0},"end":{"line":8,"column":15}},"8":{"start":{"line":9,"column":0},"end":{"line":9,"column":1}}},"s":{"0":1,"1":1,"2":1,"3":1,"4":1,"5":1,"6":1,"7":1,"8":1},"branchMap":{"0":{"type":"branch","line":2,"loc":{"start":{"line":2,"column":-1},"end":{"line":9,"column":1}},"locations":[{"start":{"line":2,"column":-1},"end":{"line":9,"column":1}}]},"1":{"type":"branch","line":3,"loc":{"start":{"line":3,"column":21},"end":{"line":6,"column":3}},"locations":[{"start":{"line":3,"column":21},"end":{"line":6,"column":3}}]}},"b":{"0":[1],"1":[1]},"fnMap":{"0":{"name":"setupCounter","decl":{"start":{"line":2,"column":-1},"end":{"line":9,"column":1}},"loc":{"start":{"line":2,"column":-1},"end":{"line":9,"column":1}},"line":2},"1":{"name":"setCounter","decl":{"start":{"line":3,"column":21},"end":{"line":6,"column":3}},"loc":{"start":{"line":3,"column":21},"end":{"line":6,"column":3}},"line":3}},"f":{"0":1,"1":1}}
}
